<?xml version="1.0" encoding="UTF-8"?>
<!-- Generated by org.testng.reporters.JUnitReportReporter -->
<testsuite hostname="DESKTOP-AL4NQ3K" failures="0" tests="4" name="AQATest.RegisterTest" time="38.255" errors="0" timestamp="2024-09-19T11:37:22 IST" skipped="0">
  <testcase classname="AQATest.RegisterTest" name="testSuccessRegistration" time="10.224"/>
  <testcase classname="AQATest.RegisterTest" name="testUnSuccessRegistrationWithInvalidUsername" time="9.180"/>
  <testcase classname="AQATest.RegisterTest" name="testUnSuccessRegistrationWithInvalidEmail" time="8.255"/>
  <testcase classname="AQATest.RegisterTest" name="testUnSuccessRegistrationWithInvalidPassword" time="10.596"/>
</testsuite> <!-- AQATest.RegisterTest -->
