<?xml version="1.0" encoding="UTF-8"?>
<!-- Generated by org.testng.reporters.JUnitReportReporter -->
<testsuite hostname="DESKTOP-AL4NQ3K" failures="0" tests="1" name="AQATask.AQATest.Register" time="0.715" errors="0" timestamp="2024-09-18T23:06:33 IST" skipped="0">
  <testcase classname="AQATask.AQATest.Register" name="successRegisteration" time="0.715"/>
</testsuite> <!-- AQATask.AQATest.Register -->
